     1                                  GLOBAL	io_hlt, io_cli, io_sti, io_stihlt
     2                                  GLOBAL	io_in8,  io_in16, io_in32
     3                                  GLOBAL	io_out8, io_out16, io_out32
     4                                  GLOBAL	io_load_eflags, io_store_eflags
     5                                  
     6                                  io_hlt:	; void io_hlt(void);
     7 00000000 F4                      		HLT
     8 00000001 C3                      		RET
     9                                  
    10                                  io_cli:	; void io_cli(void);
    11 00000002 FA                      		CLI
    12 00000003 C3                      		RET
    13                                  
    14                                  io_sti:	; void io_sti(void);
    15 00000004 FB                      		STI
    16 00000005 C3                      		RET
    17                                  
    18                                  io_stihlt:	; void io_stihlt(void);
    19 00000006 FB                      		STI
    20 00000007 F4                      		HLT
    21 00000008 C3                      		RET
    22                                  
    23                                  io_in8:	; int io_in8(int port);
    24 00000009 8B542404                		MOV		EDX,[ESP+4]		; port
    25 0000000D B800000000              		MOV		EAX,0
    26 00000012 EC                      		IN		AL,DX
    27 00000013 C3                      		RET
    28                                  
    29                                  io_in16:	; int io_in16(int port);
    30 00000014 8B542404                		MOV		EDX,[ESP+4]		; port
    31 00000018 B800000000              		MOV		EAX,0
    32 0000001D 66ED                    		IN		AX,DX
    33 0000001F C3                      		RET
    34                                  
    35                                  io_in32:	; int io_in32(int port);
    36 00000020 8B542404                		MOV		EDX,[ESP+4]		; port
    37 00000024 ED                      		IN		EAX,DX
    38 00000025 C3                      		RET
    39                                  
    40                                  io_out8:	; void io_out8(int port, int data);
    41 00000026 8B542404                		MOV		EDX,[ESP+4]		; port
    42 0000002A 8A442408                		MOV		AL,[ESP+8]		; data
    43 0000002E EE                      		OUT		DX,AL
    44 0000002F C3                      		RET
    45                                  
    46                                  io_out16:	; void io_out16(int port, int data);
    47 00000030 8B542404                		MOV		EDX,[ESP+4]		; port
    48 00000034 8B442408                		MOV		EAX,[ESP+8]		; data
    49 00000038 66EF                    		OUT		DX,AX
    50 0000003A C3                      		RET
    51                                  
    52                                  io_out32:	; void io_out32(int port, int data);
    53 0000003B 8B542404                		MOV		EDX,[ESP+4]		; port
    54 0000003F 8B442408                		MOV		EAX,[ESP+8]		; data
    55 00000043 EF                      		OUT		DX,EAX
    56 00000044 C3                      		RET
    57                                  
    58                                  io_load_eflags:	; int io_load_eflags(void);
    59 00000045 9C                      		PUSHFD		; PUSH EFLAGS という意味
    60 00000046 58                      		POP		EAX
    61 00000047 C3                      		RET
    62                                  
    63                                  io_store_eflags:	; void io_store_eflags(int eflags);
    64 00000048 8B442404                		MOV		EAX,[ESP+4]
    65 0000004C 50                      		PUSH	EAX
    66 0000004D 9D                      		POPFD		; POP EFLAGS という意味
    67 0000004E C3                      		RET
