     1                                  GLOBAL	io_hlt, io_cli, io_sti, io_stihlt
     2                                  GLOBAL	io_in8,  io_in16, io_in32
     3                                  GLOBAL	io_out8, io_out16, io_out32
     4                                  GLOBAL	io_load_eflags, io_store_eflags
     5                                  GLOBAL	load_gdtr, load_idtr
     6                                  GLOBAL	asm_inthandler21, asm_inthandler27, asm_inthandler2c
     7                                  EXTERN	inthandler21, inthandler27, inthandler2c
     8                                  
     9                                  io_hlt:	; void io_hlt(void);
    10 00000000 F4                      		HLT
    11 00000001 C3                      		RET
    12                                  
    13                                  io_cli:	; void io_cli(void);
    14 00000002 FA                      		CLI
    15 00000003 C3                      		RET
    16                                  
    17                                  io_sti:	; void io_sti(void);
    18 00000004 FB                      		STI
    19 00000005 C3                      		RET
    20                                  
    21                                  io_stihlt:	; void io_stihlt(void);
    22 00000006 FB                      		STI
    23 00000007 F4                      		HLT
    24 00000008 C3                      		RET
    25                                  
    26                                  io_in8:	; int io_in8(int port);
    27 00000009 8B542404                		MOV		EDX,[ESP+4]		; port
    28 0000000D B800000000              		MOV		EAX,0
    29 00000012 EC                      		IN		AL,DX
    30 00000013 C3                      		RET
    31                                  
    32                                  io_in16:	; int io_in16(int port);
    33 00000014 8B542404                		MOV		EDX,[ESP+4]		; port
    34 00000018 B800000000              		MOV		EAX,0
    35 0000001D 66ED                    		IN		AX,DX
    36 0000001F C3                      		RET
    37                                  
    38                                  io_in32:	; int io_in32(int port);
    39 00000020 8B542404                		MOV		EDX,[ESP+4]		; port
    40 00000024 ED                      		IN		EAX,DX
    41 00000025 C3                      		RET
    42                                  
    43                                  io_out8:	; void io_out8(int port, int data);
    44 00000026 8B542404                		MOV		EDX,[ESP+4]		; port
    45 0000002A 8A442408                		MOV		AL,[ESP+8]		; data
    46 0000002E EE                      		OUT		DX,AL
    47 0000002F C3                      		RET
    48                                  
    49                                  io_out16:	; void io_out16(int port, int data);
    50 00000030 8B542404                		MOV		EDX,[ESP+4]		; port
    51 00000034 8B442408                		MOV		EAX,[ESP+8]		; data
    52 00000038 66EF                    		OUT		DX,AX
    53 0000003A C3                      		RET
    54                                  
    55                                  io_out32:	; void io_out32(int port, int data);
    56 0000003B 8B542404                		MOV		EDX,[ESP+4]		; port
    57 0000003F 8B442408                		MOV		EAX,[ESP+8]		; data
    58 00000043 EF                      		OUT		DX,EAX
    59 00000044 C3                      		RET
    60                                  
    61                                  io_load_eflags:	; int io_load_eflags(void);
    62 00000045 9C                      		PUSHFD		; PUSH EFLAGS という意味
    63 00000046 58                      		POP		EAX
    64 00000047 C3                      		RET
    65                                  
    66                                  io_store_eflags:	; void io_store_eflags(int eflags);
    67 00000048 8B442404                		MOV		EAX,[ESP+4]
    68 0000004C 50                      		PUSH	EAX
    69 0000004D 9D                      		POPFD		; POP EFLAGS という意味
    70 0000004E C3                      		RET
    71                                  
    72                                  load_gdtr:		; void load_gdtr(int limit, int addr);
    73 0000004F 668B442404              		MOV		AX,[ESP+4]		; limit
    74 00000054 6689442406              		MOV		[ESP+6],AX
    75 00000059 0F01542406              		LGDT	[ESP+6]
    76 0000005E C3                      		RET
    77                                  
    78                                  load_idtr:		; void load_idtr(int limit, int addr);
    79 0000005F 668B442404              		MOV		AX,[ESP+4]		; limit
    80 00000064 6689442406              		MOV		[ESP+6],AX
    81 00000069 0F015C2406              		LIDT	[ESP+6]
    82 0000006E C3                      		RET
    83                                  
    84                                  asm_inthandler21:
    85 0000006F 06                      		PUSH	ES
    86 00000070 1E                      		PUSH	DS
    87 00000071 60                      		PUSHAD
    88 00000072 89E0                    		MOV		EAX,ESP
    89 00000074 50                      		PUSH	EAX
    90 00000075 668CD0                  		MOV		AX,SS
    91 00000078 8ED8                    		MOV		DS,AX
    92 0000007A 8EC0                    		MOV		ES,AX
    93 0000007C E8(00000000)            		CALL	inthandler21
    94 00000081 58                      		POP		EAX
    95 00000082 61                      		POPAD
    96 00000083 1F                      		POP		DS
    97 00000084 07                      		POP		ES
    98 00000085 CF                      		IRETD
    99                                  
   100                                  asm_inthandler27:
   101 00000086 06                      		PUSH	ES
   102 00000087 1E                      		PUSH	DS
   103 00000088 60                      		PUSHAD
   104 00000089 89E0                    		MOV		EAX,ESP
   105 0000008B 50                      		PUSH	EAX
   106 0000008C 668CD0                  		MOV		AX,SS
   107 0000008F 8ED8                    		MOV		DS,AX
   108 00000091 8EC0                    		MOV		ES,AX
   109 00000093 E8(00000000)            		CALL	inthandler27
   110 00000098 58                      		POP		EAX
   111 00000099 61                      		POPAD
   112 0000009A 1F                      		POP		DS
   113 0000009B 07                      		POP		ES
   114 0000009C CF                      		IRETD
   115                                  
   116                                  asm_inthandler2c:
   117 0000009D 06                      		PUSH	ES
   118 0000009E 1E                      		PUSH	DS
   119 0000009F 60                      		PUSHAD
   120 000000A0 89E0                    		MOV		EAX,ESP
   121 000000A2 50                      		PUSH	EAX
   122 000000A3 668CD0                  		MOV		AX,SS
   123 000000A6 8ED8                    		MOV		DS,AX
   124 000000A8 8EC0                    		MOV		ES,AX
   125 000000AA E8(00000000)            		CALL	inthandler2c
   126 000000AF 58                      		POP		EAX
   127 000000B0 61                      		POPAD
   128 000000B1 1F                      		POP		DS
   129 000000B2 07                      		POP		ES
   130 000000B3 CF                      		IRETD
